<?xml version="1.0" encoding="UTF-8"?>
<!-- Generated by org.testng.reporters.JUnitReportReporter -->
<testsuite hostname="hp" failures="0" tests="22" name="Runners.TestRunner" time="145.657" errors="0" timestamp="2026-05-25T14:05:50 IST" skipped="0">
  <testcase classname="Runners.TestRunner" name="runScenario" time="4.044"/>
  <testcase classname="Runners.TestRunner" name="runScenario" time="24.442"/>
  <testcase classname="Runners.TestRunner" name="runScenario" time="5.514"/>
  <testcase classname="Runners.TestRunner" name="runScenario" time="6.963"/>
  <testcase classname="Runners.TestRunner" name="runScenario" time="5.263"/>
  <testcase classname="Runners.TestRunner" name="runScenario" time="5.426"/>
  <testcase classname="Runners.TestRunner" name="runScenario" time="5.082"/>
  <testcase classname="Runners.TestRunner" name="runScenario" time="6.731"/>
  <testcase classname="Runners.TestRunner" name="runScenario" time="4.482"/>
  <testcase classname="Runners.TestRunner" name="runScenario" time="5.567"/>
  <testcase classname="Runners.TestRunner" name="runScenario" time="6.651"/>
  <testcase classname="Runners.TestRunner" name="runScenario" time="5.687"/>
  <testcase classname="Runners.TestRunner" name="runScenario" time="3.653"/>
  <testcase classname="Runners.TestRunner" name="runScenario" time="5.916"/>
  <testcase classname="Runners.TestRunner" name="runScenario" time="6.065"/>
  <testcase classname="Runners.TestRunner" name="runScenario" time="7.398"/>
  <testcase classname="Runners.TestRunner" name="runScenario" time="5.272"/>
  <testcase classname="Runners.TestRunner" name="runScenario" time="5.416"/>
  <testcase classname="Runners.TestRunner" name="runScenario" time="6.334"/>
  <testcase classname="Runners.TestRunner" name="runScenario" time="5.425"/>
  <testcase classname="Runners.TestRunner" name="runScenario" time="7.291"/>
  <testcase classname="Runners.TestRunner" name="runScenario" time="7.035"/>
</testsuite> <!-- Runners.TestRunner -->
