<?xml version="1.0" encoding="UTF-8"?>
<!-- Generated by org.testng.reporters.JUnitReportReporter -->
<testsuite hostname="hp" failures="0" tests="22" name="Runners.TestRunner" time="157.867" errors="0" timestamp="2026-05-24T18:57:57 IST" skipped="0">
  <testcase classname="Runners.TestRunner" name="runScenario" time="6.051"/>
  <testcase classname="Runners.TestRunner" name="runScenario" time="7.996"/>
  <testcase classname="Runners.TestRunner" name="runScenario" time="23.810"/>
  <testcase classname="Runners.TestRunner" name="runScenario" time="5.555"/>
  <testcase classname="Runners.TestRunner" name="runScenario" time="4.194"/>
  <testcase classname="Runners.TestRunner" name="runScenario" time="5.399"/>
  <testcase classname="Runners.TestRunner" name="runScenario" time="5.111"/>
  <testcase classname="Runners.TestRunner" name="runScenario" time="3.938"/>
  <testcase classname="Runners.TestRunner" name="runScenario" time="4.918"/>
  <testcase classname="Runners.TestRunner" name="runScenario" time="5.747"/>
  <testcase classname="Runners.TestRunner" name="runScenario" time="10.915"/>
  <testcase classname="Runners.TestRunner" name="runScenario" time="6.226"/>
  <testcase classname="Runners.TestRunner" name="runScenario" time="9.537"/>
  <testcase classname="Runners.TestRunner" name="runScenario" time="18.284"/>
  <testcase classname="Runners.TestRunner" name="runScenario" time="5.053"/>
  <testcase classname="Runners.TestRunner" name="runScenario" time="8.094"/>
  <testcase classname="Runners.TestRunner" name="runScenario" time="3.492"/>
  <testcase classname="Runners.TestRunner" name="runScenario" time="5.963"/>
  <testcase classname="Runners.TestRunner" name="runScenario" time="4.911"/>
  <testcase classname="Runners.TestRunner" name="runScenario" time="4.089"/>
  <testcase classname="Runners.TestRunner" name="runScenario" time="3.045"/>
  <testcase classname="Runners.TestRunner" name="runScenario" time="5.539"/>
</testsuite> <!-- Runners.TestRunner -->
