<?xml version="1.0" encoding="UTF-8"?>
<testng-results ignored="0" total="22" passed="22" failed="0" skipped="0">
  <reporter-output>
  </reporter-output>
  <suite started-at="2026-05-25T16:07:55 IST" name="Default suite" finished-at="2026-05-25T16:11:51 IST" duration-ms="236346">
    <groups>
      <group name="cucumber">
        <method signature="AbstractTestNGCucumberTests.runScenario(io.cucumber.testng.PickleWrapper,io.cucumber.testng.FeatureWrapper)[pri:0, instance:Runners.TestRunner@20d525]" name="runScenario" class="io.cucumber.testng.AbstractTestNGCucumberTests"/>
      </group> <!-- cucumber -->
    </groups>
    <test started-at="2026-05-25T16:07:55 IST" name="Default test" finished-at="2026-05-25T16:11:51 IST" duration-ms="236346">
      <class name="Runners.TestRunner">
        <test-method is-config="true" signature="setUpClass(org.testng.ITestContext)[pri:0, instance:Runners.TestRunner@20d525]" started-at="2026-05-25T16:07:55 IST" name="setUpClass" finished-at="2026-05-25T16:07:56 IST" duration-ms="890" status="PASS">
          <params>
            <param index="0">
              <value>
                <![CDATA[org.testng.TestRunner@eabecf5]]>
              </value>
            </param>
          </params>
          <reporter-output>
          </reporter-output>
        </test-method> <!-- setUpClass -->
        <test-method signature="runScenario(io.cucumber.testng.PickleWrapper,io.cucumber.testng.FeatureWrapper)[pri:0, instance:Runners.TestRunner@20d525]" started-at="2026-05-25T16:07:56 IST" name="runScenario" description="Runs Cucumber Scenarios" data-provider="scenarios" finished-at="2026-05-25T16:08:11 IST" duration-ms="15362" status="PASS">
          <params>
            <param index="0">
              <value>
                <![CDATA["Navigate to registration page"]]>
              </value>
            </param>
            <param index="1">
              <value>
                <![CDATA["Registration Module"]]>
              </value>
            </param>
          </params>
          <reporter-output>
          </reporter-output>
        </test-method> <!-- runScenario -->
        <test-method signature="runScenario(io.cucumber.testng.PickleWrapper,io.cucumber.testng.FeatureWrapper)[pri:0, instance:Runners.TestRunner@20d525]" started-at="2026-05-25T16:08:11 IST" name="runScenario" description="Runs Cucumber Scenarios" data-provider="scenarios" finished-at="2026-05-25T16:08:23 IST" duration-ms="11190" status="PASS">
          <params>
            <param index="0">
              <value>
                <![CDATA["Register new user with valid details"]]>
              </value>
            </param>
            <param index="1">
              <value>
                <![CDATA["Registration Module"]]>
              </value>
            </param>
          </params>
          <reporter-output>
          </reporter-output>
        </test-method> <!-- runScenario -->
        <test-method signature="runScenario(io.cucumber.testng.PickleWrapper,io.cucumber.testng.FeatureWrapper)[pri:0, instance:Runners.TestRunner@20d525]" started-at="2026-05-25T16:08:23 IST" name="runScenario" description="Runs Cucumber Scenarios" data-provider="scenarios" finished-at="2026-05-25T16:08:35 IST" duration-ms="12065" status="PASS">
          <params>
            <param index="0">
              <value>
                <![CDATA["Register user with missing mandatory fields"]]>
              </value>
            </param>
            <param index="1">
              <value>
                <![CDATA["Registration Module"]]>
              </value>
            </param>
          </params>
          <reporter-output>
          </reporter-output>
        </test-method> <!-- runScenario -->
        <test-method signature="runScenario(io.cucumber.testng.PickleWrapper,io.cucumber.testng.FeatureWrapper)[pri:0, instance:Runners.TestRunner@20d525]" started-at="2026-05-25T16:08:35 IST" name="runScenario" description="Runs Cucumber Scenarios" data-provider="scenarios" finished-at="2026-05-25T16:08:44 IST" duration-ms="8991" status="PASS">
          <params>
            <param index="0">
              <value>
                <![CDATA["Login attempts with various credentials"]]>
              </value>
            </param>
            <param index="1">
              <value>
                <![CDATA["Login Module"]]>
              </value>
            </param>
          </params>
          <reporter-output>
          </reporter-output>
        </test-method> <!-- runScenario -->
        <test-method signature="runScenario(io.cucumber.testng.PickleWrapper,io.cucumber.testng.FeatureWrapper)[pri:0, instance:Runners.TestRunner@20d525]" started-at="2026-05-25T16:08:44 IST" name="runScenario" description="Runs Cucumber Scenarios" data-provider="scenarios" finished-at="2026-05-25T16:08:52 IST" duration-ms="8743" status="PASS">
          <params>
            <param index="0">
              <value>
                <![CDATA["Login attempts with various credentials"]]>
              </value>
            </param>
            <param index="1">
              <value>
                <![CDATA["Login Module"]]>
              </value>
            </param>
          </params>
          <reporter-output>
          </reporter-output>
        </test-method> <!-- runScenario -->
        <test-method signature="runScenario(io.cucumber.testng.PickleWrapper,io.cucumber.testng.FeatureWrapper)[pri:0, instance:Runners.TestRunner@20d525]" started-at="2026-05-25T16:08:52 IST" name="runScenario" description="Runs Cucumber Scenarios" data-provider="scenarios" finished-at="2026-05-25T16:09:02 IST" duration-ms="9515" status="PASS">
          <params>
            <param index="0">
              <value>
                <![CDATA["Login attempts with various credentials"]]>
              </value>
            </param>
            <param index="1">
              <value>
                <![CDATA["Login Module"]]>
              </value>
            </param>
          </params>
          <reporter-output>
          </reporter-output>
        </test-method> <!-- runScenario -->
        <test-method signature="runScenario(io.cucumber.testng.PickleWrapper,io.cucumber.testng.FeatureWrapper)[pri:0, instance:Runners.TestRunner@20d525]" started-at="2026-05-25T16:09:02 IST" name="runScenario" description="Runs Cucumber Scenarios" data-provider="scenarios" finished-at="2026-05-25T16:09:31 IST" duration-ms="28696" status="PASS">
          <params>
            <param index="0">
              <value>
                <![CDATA["Login attempts with various credentials"]]>
              </value>
            </param>
            <param index="1">
              <value>
                <![CDATA["Login Module"]]>
              </value>
            </param>
          </params>
          <reporter-output>
          </reporter-output>
        </test-method> <!-- runScenario -->
        <test-method signature="runScenario(io.cucumber.testng.PickleWrapper,io.cucumber.testng.FeatureWrapper)[pri:0, instance:Runners.TestRunner@20d525]" started-at="2026-05-25T16:09:31 IST" name="runScenario" description="Runs Cucumber Scenarios" data-provider="scenarios" finished-at="2026-05-25T16:09:40 IST" duration-ms="9337" status="PASS">
          <params>
            <param index="0">
              <value>
                <![CDATA["Login attempts with various credentials"]]>
              </value>
            </param>
            <param index="1">
              <value>
                <![CDATA["Login Module"]]>
              </value>
            </param>
          </params>
          <reporter-output>
          </reporter-output>
        </test-method> <!-- runScenario -->
        <test-method signature="runScenario(io.cucumber.testng.PickleWrapper,io.cucumber.testng.FeatureWrapper)[pri:0, instance:Runners.TestRunner@20d525]" started-at="2026-05-25T16:09:40 IST" name="runScenario" description="Runs Cucumber Scenarios" data-provider="scenarios" finished-at="2026-05-25T16:09:49 IST" duration-ms="8892" status="PASS">
          <params>
            <param index="0">
              <value>
                <![CDATA["Verify all UI elements on login page"]]>
              </value>
            </param>
            <param index="1">
              <value>
                <![CDATA["Login Module"]]>
              </value>
            </param>
          </params>
          <reporter-output>
          </reporter-output>
        </test-method> <!-- runScenario -->
        <test-method signature="runScenario(io.cucumber.testng.PickleWrapper,io.cucumber.testng.FeatureWrapper)[pri:0, instance:Runners.TestRunner@20d525]" started-at="2026-05-25T16:09:49 IST" name="runScenario" description="Runs Cucumber Scenarios" data-provider="scenarios" finished-at="2026-05-25T16:09:56 IST" duration-ms="7162" status="PASS">
          <params>
            <param index="0">
              <value>
                <![CDATA["Verify account overview page after login"]]>
              </value>
            </param>
            <param index="1">
              <value>
                <![CDATA["Account Overview Module"]]>
              </value>
            </param>
          </params>
          <reporter-output>
          </reporter-output>
        </test-method> <!-- runScenario -->
        <test-method signature="runScenario(io.cucumber.testng.PickleWrapper,io.cucumber.testng.FeatureWrapper)[pri:0, instance:Runners.TestRunner@20d525]" started-at="2026-05-25T16:09:56 IST" name="runScenario" description="Runs Cucumber Scenarios" data-provider="scenarios" finished-at="2026-05-25T16:10:01 IST" duration-ms="4874" status="PASS">
          <params>
            <param index="0">
              <value>
                <![CDATA["Verify account details and balances are displayed"]]>
              </value>
            </param>
            <param index="1">
              <value>
                <![CDATA["Account Overview Module"]]>
              </value>
            </param>
          </params>
          <reporter-output>
          </reporter-output>
        </test-method> <!-- runScenario -->
        <test-method signature="runScenario(io.cucumber.testng.PickleWrapper,io.cucumber.testng.FeatureWrapper)[pri:0, instance:Runners.TestRunner@20d525]" started-at="2026-05-25T16:10:01 IST" name="runScenario" description="Runs Cucumber Scenarios" data-provider="scenarios" finished-at="2026-05-25T16:10:11 IST" duration-ms="9717" status="PASS">
          <params>
            <param index="0">
              <value>
                <![CDATA["Navigate to transfer funds page"]]>
              </value>
            </param>
            <param index="1">
              <value>
                <![CDATA["Transfer Funds Module"]]>
              </value>
            </param>
          </params>
          <reporter-output>
          </reporter-output>
        </test-method> <!-- runScenario -->
        <test-method signature="runScenario(io.cucumber.testng.PickleWrapper,io.cucumber.testng.FeatureWrapper)[pri:0, instance:Runners.TestRunner@20d525]" started-at="2026-05-25T16:10:11 IST" name="runScenario" description="Runs Cucumber Scenarios" data-provider="scenarios" finished-at="2026-05-25T16:10:20 IST" duration-ms="9567" status="PASS">
          <params>
            <param index="0">
              <value>
                <![CDATA["Transfer funds between accounts with valid data"]]>
              </value>
            </param>
            <param index="1">
              <value>
                <![CDATA["Transfer Funds Module"]]>
              </value>
            </param>
          </params>
          <reporter-output>
          </reporter-output>
        </test-method> <!-- runScenario -->
        <test-method signature="runScenario(io.cucumber.testng.PickleWrapper,io.cucumber.testng.FeatureWrapper)[pri:0, instance:Runners.TestRunner@20d525]" started-at="2026-05-25T16:10:20 IST" name="runScenario" description="Runs Cucumber Scenarios" data-provider="scenarios" finished-at="2026-05-25T16:10:31 IST" duration-ms="11298" status="PASS">
          <params>
            <param index="0">
              <value>
                <![CDATA["Transfer funds with invalid amount"]]>
              </value>
            </param>
            <param index="1">
              <value>
                <![CDATA["Transfer Funds Module"]]>
              </value>
            </param>
          </params>
          <reporter-output>
          </reporter-output>
        </test-method> <!-- runScenario -->
        <test-method signature="runScenario(io.cucumber.testng.PickleWrapper,io.cucumber.testng.FeatureWrapper)[pri:0, instance:Runners.TestRunner@20d525]" started-at="2026-05-25T16:10:31 IST" name="runScenario" description="Runs Cucumber Scenarios" data-provider="scenarios" finished-at="2026-05-25T16:10:38 IST" duration-ms="7050" status="PASS">
          <params>
            <param index="0">
              <value>
                <![CDATA["Navigate to bill pay page"]]>
              </value>
            </param>
            <param index="1">
              <value>
                <![CDATA["Bill Pay Module"]]>
              </value>
            </param>
          </params>
          <reporter-output>
          </reporter-output>
        </test-method> <!-- runScenario -->
        <test-method signature="runScenario(io.cucumber.testng.PickleWrapper,io.cucumber.testng.FeatureWrapper)[pri:0, instance:Runners.TestRunner@20d525]" started-at="2026-05-25T16:10:38 IST" name="runScenario" description="Runs Cucumber Scenarios" data-provider="scenarios" finished-at="2026-05-25T16:10:51 IST" duration-ms="12761" status="PASS">
          <params>
            <param index="0">
              <value>
                <![CDATA["Pay bill using valid details"]]>
              </value>
            </param>
            <param index="1">
              <value>
                <![CDATA["Bill Pay Module"]]>
              </value>
            </param>
          </params>
          <reporter-output>
          </reporter-output>
        </test-method> <!-- runScenario -->
        <test-method signature="runScenario(io.cucumber.testng.PickleWrapper,io.cucumber.testng.FeatureWrapper)[pri:0, instance:Runners.TestRunner@20d525]" started-at="2026-05-25T16:10:51 IST" name="runScenario" description="Runs Cucumber Scenarios" data-provider="scenarios" finished-at="2026-05-25T16:11:03 IST" duration-ms="11872" status="PASS">
          <params>
            <param index="0">
              <value>
                <![CDATA["Pay bill using invalid details"]]>
              </value>
            </param>
            <param index="1">
              <value>
                <![CDATA["Bill Pay Module"]]>
              </value>
            </param>
          </params>
          <reporter-output>
          </reporter-output>
        </test-method> <!-- runScenario -->
        <test-method signature="runScenario(io.cucumber.testng.PickleWrapper,io.cucumber.testng.FeatureWrapper)[pri:0, instance:Runners.TestRunner@20d525]" started-at="2026-05-25T16:11:03 IST" name="runScenario" description="Runs Cucumber Scenarios" data-provider="scenarios" finished-at="2026-05-25T16:11:13 IST" duration-ms="9470" status="PASS">
          <params>
            <param index="0">
              <value>
                <![CDATA["Navigate to update contact information page"]]>
              </value>
            </param>
            <param index="1">
              <value>
                <![CDATA["Update Contact Information Module"]]>
              </value>
            </param>
          </params>
          <reporter-output>
          </reporter-output>
        </test-method> <!-- runScenario -->
        <test-method signature="runScenario(io.cucumber.testng.PickleWrapper,io.cucumber.testng.FeatureWrapper)[pri:0, instance:Runners.TestRunner@20d525]" started-at="2026-05-25T16:11:13 IST" name="runScenario" description="Runs Cucumber Scenarios" data-provider="scenarios" finished-at="2026-05-25T16:11:24 IST" duration-ms="11458" status="PASS">
          <params>
            <param index="0">
              <value>
                <![CDATA["Update contact details with valid data"]]>
              </value>
            </param>
            <param index="1">
              <value>
                <![CDATA["Update Contact Information Module"]]>
              </value>
            </param>
          </params>
          <reporter-output>
          </reporter-output>
        </test-method> <!-- runScenario -->
        <test-method signature="runScenario(io.cucumber.testng.PickleWrapper,io.cucumber.testng.FeatureWrapper)[pri:0, instance:Runners.TestRunner@20d525]" started-at="2026-05-25T16:11:24 IST" name="runScenario" description="Runs Cucumber Scenarios" data-provider="scenarios" finished-at="2026-05-25T16:11:33 IST" duration-ms="8865" status="PASS">
          <params>
            <param index="0">
              <value>
                <![CDATA["Update contact details with invalid data"]]>
              </value>
            </param>
            <param index="1">
              <value>
                <![CDATA["Update Contact Information Module"]]>
              </value>
            </param>
          </params>
          <reporter-output>
          </reporter-output>
        </test-method> <!-- runScenario -->
        <test-method signature="runScenario(io.cucumber.testng.PickleWrapper,io.cucumber.testng.FeatureWrapper)[pri:0, instance:Runners.TestRunner@20d525]" started-at="2026-05-25T16:11:33 IST" name="runScenario" description="Runs Cucumber Scenarios" data-provider="scenarios" finished-at="2026-05-25T16:11:40 IST" duration-ms="7502" status="PASS">
          <params>
            <param index="0">
              <value>
                <![CDATA["Verify logout functionality"]]>
              </value>
            </param>
            <param index="1">
              <value>
                <![CDATA["Logout Module"]]>
              </value>
            </param>
          </params>
          <reporter-output>
          </reporter-output>
        </test-method> <!-- runScenario -->
        <test-method signature="runScenario(io.cucumber.testng.PickleWrapper,io.cucumber.testng.FeatureWrapper)[pri:0, instance:Runners.TestRunner@20d525]" started-at="2026-05-25T16:11:40 IST" name="runScenario" description="Runs Cucumber Scenarios" data-provider="scenarios" finished-at="2026-05-25T16:11:51 IST" duration-ms="10939" status="PASS">
          <params>
            <param index="0">
              <value>
                <![CDATA["Verify session termination after logout"]]>
              </value>
            </param>
            <param index="1">
              <value>
                <![CDATA["Logout Module"]]>
              </value>
            </param>
          </params>
          <reporter-output>
          </reporter-output>
        </test-method> <!-- runScenario -->
        <test-method is-config="true" signature="tearDownClass()[pri:0, instance:Runners.TestRunner@20d525]" started-at="2026-05-25T16:11:51 IST" name="tearDownClass" finished-at="2026-05-25T16:11:51 IST" duration-ms="19" status="PASS">
          <reporter-output>
          </reporter-output>
        </test-method> <!-- tearDownClass -->
      </class> <!-- Runners.TestRunner -->
    </test> <!-- Default test -->
  </suite> <!-- Default suite -->
</testng-results>
